<?xml version="1.0" encoding="UTF-8"?>
<testng-results skipped="0" failed="0" ignored="0" total="1" passed="1">
  <reporter-output>
  </reporter-output>
  <suite name="Default suite" duration-ms="10055" started-at="2022-08-04T14:43:59Z" finished-at="2022-08-04T14:44:09Z">
    <groups>
    </groups>
    <test name="Default test" duration-ms="10055" started-at="2022-08-04T14:43:59Z" finished-at="2022-08-04T14:44:09Z">
      <class name="Sample1.Test1">
        <test-method status="PASS" signature="validateGoogle()[pri:0, instance:Sample1.Test1@10bdf5e5]" name="validateGoogle" duration-ms="10010" started-at="2022-08-04T20:13:59Z" finished-at="2022-08-04T20:14:09Z">
          <reporter-output>
          </reporter-output>
        </test-method> <!-- validateGoogle -->
      </class> <!-- Sample1.Test1 -->
    </test> <!-- Default test -->
  </suite> <!-- Default suite -->
</testng-results>
